INFO [2021-04-24 12:15:47,750] <class 'pandas.core.frame.DataFrame'>
RangeIndex: 1000 entries, 0 to 999
Data columns (total 8 columns):
 #   Column                       Non-Null Count  Dtype   
---  ------                       --------------  -----   
 0   gender                       1000 non-null   category
 1   race/ethnicity               1000 non-null   category
 2   parental level of education  1000 non-null   category
 3   lunch                        1000 non-null   category
 4   test preparation course      1000 non-null   category
 5   math score                   1000 non-null   int8    
 6   reading score                1000 non-null   int8    
 7   writing score                1000 non-null   int8    
dtypes: category(5), int8(3)
memory usage: 8.7 KB

INFO [2021-04-24 12:17:34,866] <class 'pandas.core.frame.DataFrame'>
RangeIndex: 1000 entries, 0 to 999
Data columns (total 8 columns):
 #   Column                       Non-Null Count  Dtype   
---  ------                       --------------  -----   
 0   gender                       1000 non-null   category
 1   race/ethnicity               1000 non-null   category
 2   parental level of education  1000 non-null   category
 3   lunch                        1000 non-null   category
 4   test preparation course      1000 non-null   category
 5   math score                   1000 non-null   int8    
 6   reading score                1000 non-null   int8    
 7   writing score                1000 non-null   int8    
dtypes: category(5), int8(3)
memory usage: 8.7 KB

INFO [2021-04-24 12:17:35,481] 172.18.0.1 [24/Apr/2021:09:17:35 +0000] "GET /?n=1 HTTP/1.1" 200 383 "-" "Python/3.9 aiohttp/3.7.4.post0"
INFO [2021-04-24 12:17:35,484] 172.18.0.1 [24/Apr/2021:09:17:35 +0000] "GET /?n=3 HTTP/1.1" 200 819 "-" "Python/3.9 aiohttp/3.7.4.post0"
INFO [2021-04-24 12:17:35,487] 172.18.0.1 [24/Apr/2021:09:17:35 +0000] "GET /?n=5 HTTP/1.1" 200 1254 "-" "Python/3.9 aiohttp/3.7.4.post0"
